<?xml version="1.0" encoding="UTF-8"?>
<!-- Generated by org.testng.reporters.JUnitReportReporter -->
<testsuite hostname="INHYNJRAYALA02" failures="0" tests="1" name="one.SampleMavenFirstScript" time="10.272" errors="0" timestamp="2024-07-08T08:47:56 IST" skipped="0">
  <testcase classname="one.SampleMavenFirstScript" name="sampleTest" time="10.272"/>
</testsuite> <!-- one.SampleMavenFirstScript -->
